<?xml version="1.0" encoding="UTF-8" ?>
<testsuites>
  <testsuite errors="0" failures="0" hostname="SebastianBlanco" id="0" name="AlgomonTest" package="test" tests="61" time="0.274" timestamp="2016-12-03T21:51:04">
      <properties>
[...]
</properties>

      <testcase classname="test.AlgomonTest" name="test54UsarPocionEnPokemonLeDevuelve20PuntosDeVida" time="0.169" />

      <testcase classname="test.AlgomonTest" name="test61EntrenadorDerrotaAUnPokemonDelOponenteYGanaUnPunto" time="0.004" />

      <testcase classname="test.AlgomonTest" name="test11SquirtleAtacaCanionDeAguaYLeQuita20DeVidaARattata" time="0.002" />

      <testcase classname="test.AlgomonTest" name="test06SquirtleAtacaConCanionDeAguaYLeQuita10DeVidaABulbasaur" time="0.0" />

      <testcase classname="test.AlgomonTest" name="test43CharmanderQuemaAUnRattaDormidoQueNoPuedeAtacarPorTresTurnosYLeGeneraDanioPermanenteDe17" time="0.002" />

      <testcase classname="test.AlgomonTest" name="test14BulbasorAtacaAJigglypuffConLatigoCepaYLeQuita15DeVida" time="0.0" />

      <testcase classname="test.AlgomonTest" name="test45UnPokemonDebilitadoNoPuedeRecibirMasDanio" time="0.0" />

      <testcase classname="test.AlgomonTest" name="test12BulbasorAtacaASquirtleConLatigoCepaYLeQuita30DeVida" time="0.0" />

      <testcase classname="test.AlgomonTest" name="test02SquirtleAtacaConBurbujaYLeQuita10DeVidaAChansey" time="0.001" />

      <testcase classname="test.AlgomonTest" name="test60RestauradorDevuelveAlpokemonASuEstadoNormal" time="0.0" />

      <testcase classname="test.AlgomonTest" name="test42BulbasaurAtacaAOtroBulbasaurConChupavidasYLeQuita7PuntosDeVidaGanandoLuego2PuntosDeVida" time="0.0" />

      <testcase classname="test.AlgomonTest" name="test59TratarDeUsarSuperPocionesCuandoYaNoQuedanMasNoProduceEfecto" time="0.0" />

      <testcase classname="test.AlgomonTest" name="test01SquirtleAtacaConBurbujaYLeQuita20DeVidaACharmander" time="0.0" />

      <testcase classname="test.AlgomonTest" name="test34CharmanderAtacaASquirtleConFogonazoQuitandole1PuntoDeVida" time="0.0" />

      <testcase classname="test.AlgomonTest" name="test24CharmanderAtacaAJigglypuffConBrasasyLeQuita16DeVidad" time="0.0" />

      <testcase classname="test.AlgomonTest" name="test40BulbasaurAtacaASquirtleConChupavidasYLeQuita30PuntosDeVidaGanandoLuego9PuntosDeVida" time="0.0" />

      <testcase classname="test.AlgomonTest" name="test13BulbasorAtacaACharmanderConLatigoCepaYLeQuita7DeVida" time="0.0" />

      <testcase classname="test.AlgomonTest" name="test29JigglypuffAtacaConCantoYDuermeSquirtleQuienNoLeCausaDanioProbandoUnTurno" time="0.0" />

      <testcase classname="test.AlgomonTest" name="test18ChanseyAtacaACharmanderConLatigoCepaYLeQuita7DeVida" time="0.0" />

      <testcase classname="test.AlgomonTest" name="test52ElCambiarDeTurnoDuranteLaBatallaCambiaAlEntrenadorActual" time="0.0" />

      <testcase classname="test.AlgomonTest" name="test10SquirtleAtacaConCanionDeAguaYLeQuita20DeVidaAJigglypuff" time="0.0" />

      <testcase classname="test.AlgomonTest" name="test48ElPrimerPokemonQueAgregaElEntrenadorAlEquipoSeraElPokemonActual" time="0.0" />

      <testcase classname="test.AlgomonTest" name="test35CharmanderAtacaARattataConFogonazoQuitandole2PuntosDeVida" time="0.0" />

      <testcase classname="test.AlgomonTest" name="test07SquirtleAtacaConBurbujaYLeQuita10DeVidaAJigglypuff" time="0.0" />

      <testcase classname="test.AlgomonTest" name="test26CharmanderAtacaARattataConBrasasyLeQuita16DeVidad" time="0.0" />

      <testcase classname="test.AlgomonTest" name="test25CharmanderAtacaAChanseyConBrasasyLeQuita16DeVidad" time="0.001" />

      <testcase classname="test.AlgomonTest" name="test31JigglypuffAtacaConCantoYDuermeSquirtleQuienNoLeCausaDanioProbandoTresTurnos" time="0.0" />

      <testcase classname="test.AlgomonTest" name="test21ChanseyAtacaARattataConLatigoCepaYLeQuita15DeVida" time="0.0" />

      <testcase classname="test.AlgomonTest" name="test09SquirtleAtacaConCanionDeAguaYLeQuita20DeVidaAChansey" time="0.0" />

      <testcase classname="test.AlgomonTest" name="test58UsarSuperPocionEnPokemonConPuntosDeVidaATopeNoTieneEfecto" time="0.001" />

      <testcase classname="test.AlgomonTest" name="test50TratarDeIntercambiarPorUnPokemonQueNoEstaEnElEquipoNoGeneraNingunCambio" time="0.0" />

      <testcase classname="test.AlgomonTest" name="test15BulbasorAtacaAChanseyConLatigoCepaYLeQuita15DeVida" time="0.0" />

      <testcase classname="test.AlgomonTest" name="test57UsarSuperPocionEnPokemonLeDevuelve40PuntosDeVida" time="0.0" />

      <testcase classname="test.AlgomonTest" name="test17ChanseyAtacaASquirtleConLatigoCepaYLeQuita30DeVida" time="0.001" />

      <testcase classname="test.AlgomonTest" name="test41BulbasaurAtacaACharmanderConChupavidasYLeQuita7PuntosDeVidaGanandoLuego2PuntosDeVida" time="0.0" />

      <testcase classname="test.AlgomonTest" name="test08SquirtleAtacaConBurbujaYLeQuita10DeVidaARattata" time="0.0" />

      <testcase classname="test.AlgomonTest" name="test51TratarDeCambiarAUnPokemonPorOtroQueEstaDebilitadoGeneraExcepcion" time="0.0" />

      <testcase classname="test.AlgomonTest" name="test04SquirtleAtacaConAtaqueRapidoYLeQuita10DeVidaACharmander" time="0.001" />

      <testcase classname="test.AlgomonTest" name="test55UsarPocionEnPokemonConPuntosDeVidaATopeNoTieneEfecto" time="0.0" />

      <testcase classname="test.AlgomonTest" name="test36CharmanderAtacaABulbasaurConFogonazoProvocandoleUnDanioPermanenteDe14Puntos" time="0.0" />

      <testcase classname="test.AlgomonTest" name="test27CharmanderAgotaSuFogonazoYaNoPuedeVolverAUsarlo" time="0.0" />

      <testcase classname="test.AlgomonTest" name="test38CharmanderAtacaARattataConFogonazoProvocandoleUnDanioPermanenteDe17Puntos" time="0.001" />

      <testcase classname="test.AlgomonTest" name="test05SquirtleAtacaConCanionDeAguaACharmander" time="0.0" />

      <testcase classname="test.AlgomonTest" name="test56TratarDeUsarPocionesCuandoYaNoQuedanMasNoProduceEfecto" time="0.0" />

      <testcase classname="test.AlgomonTest" name="test30JigglypuffAtacaConCantoYDuermeSquirtleQuienNoLeCausaDanioProbandoDosTurnos" time="0.0" />

      <testcase classname="test.AlgomonTest" name="test53ElMetodoAtacarDeJuegoProvocaQueAtaqueSolamenteElEntrenadorActual" time="0.0" />

      <testcase classname="test.AlgomonTest" name="test39BulbasaurAtacaARattataConChupavidasYLeQuita15PuntosDeVidaGanandoLuego4PuntosDeVida" time="0.0" />

      <testcase classname="test.AlgomonTest" name="test49IntercambiarPokemonDelEquipo" time="0.0" />

      <testcase classname="test.AlgomonTest" name="test19ChanseyAtacaAJigglypuffConLatigoCepaYLeQuita15DeVida" time="0.0" />

      <testcase classname="test.AlgomonTest" name="test20ChanseyAtacaABulbasaurConLatigoCepaYLeQuita7DeVida" time="0.0" />

      <testcase classname="test.AlgomonTest" name="test44UnPokemonDebilitadoNoPuedeAtacar" time="0.0" />

      <testcase classname="test.AlgomonTest" name="test23CharmanderAtacaASquirtleConBrasasyLeQuita8DeVidad" time="0.001" />

      <testcase classname="test.AlgomonTest" name="test62EntrenadorGanaTresPuntosYEsDeclaradoGanador" time="0.0" />

      <testcase classname="test.AlgomonTest" name="test16BulbasorAtacaARattataConLatigoCepaYLeQuita15DeVida" time="0.0" />

      <testcase classname="test.AlgomonTest" name="test37CharmanderAtacaASquirtleConFogonazoProvocandoleUnDanioPermanenteDe15Puntos" time="0.0" />

      <testcase classname="test.AlgomonTest" name="test46UnEntrenadorNoPuedeAgregarMasDeTresPokemonEnSuEquipo" time="0.0" />

      <testcase classname="test.AlgomonTest" name="test32JigglypuffAtacaConCantoYDuermeSquirtleQuienLeCausaDanioLuegoDeTresTurnos" time="0.0" />

      <testcase classname="test.AlgomonTest" name="test33CharmanderAtacaABulbasaurConFogonazoQuitandole4PuntosDeVida" time="0.0" />

      <testcase classname="test.AlgomonTest" name="test47UnEntrenadorOrdenaASuPokemonAtacarYEsteLoHace" time="0.0" />

      <testcase classname="test.AlgomonTest" name="test03SquirtleAtacaConBurbujaYLeQuita5DeVidaABulbasaur" time="0.0" />

      <testcase classname="test.AlgomonTest" name="test22CharmanderAtacaABulbasaurConBrasasyLeQuita32DeVidad" time="0.0" />

      <system-out><![CDATA[]]></system-out>

      <system-err><![CDATA[]]></system-err>

  </testsuite>
</testsuites>
